\BOOKMARK [1][-]{section.1}{1. 3-Manifolds: Heegaard Splittings}{}% 1
\BOOKMARK [2][-]{subsection.1.1}{1.1. Existence}{section.1}% 2
\BOOKMARK [2][-]{subsection.1.2}{1.2. Elementary Examples}{section.1}% 3
\BOOKMARK [2][-]{subsection.1.3}{1.3. Heegaard Diagrams}{section.1}% 4
\BOOKMARK [2][-]{subsection.1.4}{1.4. Stabilization}{section.1}% 5
\BOOKMARK [2][-]{subsection.1.5}{1.5. Heegaard Floer Homology}{section.1}% 6
\BOOKMARK [1][-]{section.2}{2. Morse 2-theory}{}% 7
\BOOKMARK [2][-]{subsection.2.1}{2.1. Fundamental results about Morse 2-functions}{section.2}% 8
\BOOKMARK [1][-]{section.3}{3. 4-Manifolds: Trisections}{}% 9
\BOOKMARK [2][-]{subsection.3.1}{3.1. Existence}{section.3}% 10
\BOOKMARK [2][-]{subsection.3.2}{3.2. Elementary Examples}{section.3}% 11
\BOOKMARK [2][-]{subsection.3.3}{3.3. Trisection diagrams}{section.3}% 12
\BOOKMARK [2][-]{subsection.3.4}{3.4. Stabilization/Destabilization}{section.3}% 13
\BOOKMARK [1][-]{section.4}{4. Knotted Surfaces}{}% 14
\BOOKMARK [2][-]{subsection.4.1}{4.1. Preliminaries}{section.4}% 15
\BOOKMARK [2][-]{subsection.4.2}{4.2. Examples: Spun Knots}{section.4}% 16
\BOOKMARK [2][-]{subsection.4.3}{4.3. K S4: Triplane diagrams}{section.4}% 17
\BOOKMARK [2][-]{subsection.4.4}{4.4. Banded links and their banded b-bridge splittings}{section.4}% 18
\BOOKMARK [1][-]{section.5}{5. Lefshetz Fibrations}{}% 19
\BOOKMARK [1][-]{section.6}{6. Kirby Calculus}{}% 20
\BOOKMARK [1][-]{section.7}{7. Problems I'd Like Answers To}{}% 21
